1769236601.367949 client started (127565): version 3.2a, socket /tmp/tmux-1000/default, protocol 8
1769236601.367957 on Linux 6.8.0-90-generic #91~22.04.1-Ubuntu SMP PREEMPT_DYNAMIC Thu Nov 20 15:20:45 UTC 2
1769236601.367959 using libevent 2.1.12-stable (poll); ncurses 6.3
1769236601.367964 flags are 0x18010000
1769236601.367965 socket is /tmp/tmux-1000/default
1769236601.367969 trying connect
1769236601.367975 connect failed: Connection refused
1769236601.367977 lock file is /tmp/tmux-1000/default.lock
1769236601.367987 flock succeeded
1769236601.367988 got lock (6)
1769236601.367990 trying connect
1769236601.367992 connect failed: Connection refused
1769236601.368072 add peer 0x5f3d82a29e10: 7 ((nil))
1769236601.368206 sending message 100 to peer 0x5f3d82a29e10 (4 bytes)
1769236601.368208 sending message 111 to peer 0x5f3d82a29e10 (8 bytes)
1769236601.368209 sending message 101 to peer 0x5f3d82a29e10 (15 bytes)
1769236601.368210 sending message 109 to peer 0x5f3d82a29e10 (4 bytes)
1769236601.368212 sending message 102 to peer 0x5f3d82a29e10 (11 bytes)
1769236601.368213 sending message 108 to peer 0x5f3d82a29e10 (31 bytes)
1769236601.368214 sending message 112 to peer 0x5f3d82a29e10 (58 bytes)
1769236601.368215 sending message 112 to peer 0x5f3d82a29e10 (5 bytes)
1769236601.368216 sending message 112 to peer 0x5f3d82a29e10 (5 bytes)
1769236601.368217 sending message 112 to peer 0x5f3d82a29e10 (6 bytes)
1769236601.368218 sending message 112 to peer 0x5f3d82a29e10 (6 bytes)
1769236601.368219 sending message 112 to peer 0x5f3d82a29e10 (11 bytes)
1769236601.368220 sending message 112 to peer 0x5f3d82a29e10 (10 bytes)
1769236601.368221 sending message 112 to peer 0x5f3d82a29e10 (13 bytes)
1769236601.368222 sending message 112 to peer 0x5f3d82a29e10 (14 bytes)
1769236601.368222 sending message 112 to peer 0x5f3d82a29e10 (19 bytes)
1769236601.368223 sending message 112 to peer 0x5f3d82a29e10 (11 bytes)
1769236601.368224 sending message 112 to peer 0x5f3d82a29e10 (10 bytes)
1769236601.368225 sending message 112 to peer 0x5f3d82a29e10 (15 bytes)
1769236601.368226 sending message 112 to peer 0x5f3d82a29e10 (21 bytes)
1769236601.368227 sending message 112 to peer 0x5f3d82a29e10 (13 bytes)
1769236601.368228 sending message 112 to peer 0x5f3d82a29e10 (7 bytes)
1769236601.368229 sending message 112 to peer 0x5f3d82a29e10 (13 bytes)
1769236601.368230 sending message 112 to peer 0x5f3d82a29e10 (7 bytes)
1769236601.368231 sending message 112 to peer 0x5f3d82a29e10 (13 bytes)
1769236601.368231 sending message 112 to peer 0x5f3d82a29e10 (9 bytes)
1769236601.368232 sending message 112 to peer 0x5f3d82a29e10 (21 bytes)
1769236601.368233 sending message 112 to peer 0x5f3d82a29e10 (13 bytes)
1769236601.368234 sending message 112 to peer 0x5f3d82a29e10 (9 bytes)
1769236601.368235 sending message 112 to peer 0x5f3d82a29e10 (16 bytes)
1769236601.368236 sending message 112 to peer 0x5f3d82a29e10 (13 bytes)
1769236601.368237 sending message 112 to peer 0x5f3d82a29e10 (9 bytes)
1769236601.368241 sending message 112 to peer 0x5f3d82a29e10 (9 bytes)
1769236601.368242 sending message 112 to peer 0x5f3d82a29e10 (12 bytes)
1769236601.368243 sending message 112 to peer 0x5f3d82a29e10 (8 bytes)
1769236601.368244 sending message 112 to peer 0x5f3d82a29e10 (8 bytes)
1769236601.368245 sending message 112 to peer 0x5f3d82a29e10 (13 bytes)
1769236601.368246 sending message 112 to peer 0x5f3d82a29e10 (7 bytes)
1769236601.368247 sending message 112 to peer 0x5f3d82a29e10 (7 bytes)
1769236601.368247 sending message 112 to peer 0x5f3d82a29e10 (9 bytes)
1769236601.368248 sending message 112 to peer 0x5f3d82a29e10 (9 bytes)
1769236601.368249 sending message 112 to peer 0x5f3d82a29e10 (15 bytes)
1769236601.368250 sending message 112 to peer 0x5f3d82a29e10 (13 bytes)
1769236601.368251 sending message 112 to peer 0x5f3d82a29e10 (12 bytes)
1769236601.368252 sending message 112 to peer 0x5f3d82a29e10 (8 bytes)
1769236601.368253 sending message 112 to peer 0x5f3d82a29e10 (14 bytes)
1769236601.368253 sending message 112 to peer 0x5f3d82a29e10 (11 bytes)
1769236601.368254 sending message 112 to peer 0x5f3d82a29e10 (9 bytes)
1769236601.368258 sending message 112 to peer 0x5f3d82a29e10 (10 bytes)
1769236601.368259 sending message 112 to peer 0x5f3d82a29e10 (10 bytes)
1769236601.368260 sending message 112 to peer 0x5f3d82a29e10 (10 bytes)
1769236601.368260 sending message 112 to peer 0x5f3d82a29e10 (10 bytes)
1769236601.368261 sending message 112 to peer 0x5f3d82a29e10 (11 bytes)
1769236601.368262 sending message 112 to peer 0x5f3d82a29e10 (12 bytes)
1769236601.368263 sending message 112 to peer 0x5f3d82a29e10 (12 bytes)
1769236601.368264 sending message 112 to peer 0x5f3d82a29e10 (12 bytes)
1769236601.368265 sending message 112 to peer 0x5f3d82a29e10 (12 bytes)
1769236601.368265 sending message 112 to peer 0x5f3d82a29e10 (12 bytes)
1769236601.368266 sending message 112 to peer 0x5f3d82a29e10 (11 bytes)
1769236601.368267 sending message 112 to peer 0x5f3d82a29e10 (11 bytes)
1769236601.368268 sending message 112 to peer 0x5f3d82a29e10 (12 bytes)
1769236601.368269 sending message 112 to peer 0x5f3d82a29e10 (12 bytes)
1769236601.368270 sending message 112 to peer 0x5f3d82a29e10 (12 bytes)
1769236601.368271 sending message 112 to peer 0x5f3d82a29e10 (12 bytes)
1769236601.368272 sending message 112 to peer 0x5f3d82a29e10 (12 bytes)
1769236601.368272 sending message 112 to peer 0x5f3d82a29e10 (9 bytes)
1769236601.368273 sending message 112 to peer 0x5f3d82a29e10 (12 bytes)
1769236601.368274 sending message 112 to peer 0x5f3d82a29e10 (13 bytes)
1769236601.368275 sending message 112 to peer 0x5f3d82a29e10 (13 bytes)
1769236601.368276 sending message 112 to peer 0x5f3d82a29e10 (13 bytes)
1769236601.368277 sending message 112 to peer 0x5f3d82a29e10 (13 bytes)
1769236601.368278 sending message 112 to peer 0x5f3d82a29e10 (13 bytes)
1769236601.368279 sending message 112 to peer 0x5f3d82a29e10 (8 bytes)
1769236601.368279 sending message 112 to peer 0x5f3d82a29e10 (11 bytes)
1769236601.368280 sending message 112 to peer 0x5f3d82a29e10 (11 bytes)
1769236601.368281 sending message 112 to peer 0x5f3d82a29e10 (11 bytes)
1769236601.368282 sending message 112 to peer 0x5f3d82a29e10 (12 bytes)
1769236601.368283 sending message 112 to peer 0x5f3d82a29e10 (12 bytes)
1769236601.368284 sending message 112 to peer 0x5f3d82a29e10 (12 bytes)
1769236601.368284 sending message 112 to peer 0x5f3d82a29e10 (12 bytes)
1769236601.368285 sending message 112 to peer 0x5f3d82a29e10 (13 bytes)
1769236601.368286 sending message 112 to peer 0x5f3d82a29e10 (13 bytes)
1769236601.368287 sending message 112 to peer 0x5f3d82a29e10 (13 bytes)
1769236601.368288 sending message 112 to peer 0x5f3d82a29e10 (8 bytes)
1769236601.368289 sending message 112 to peer 0x5f3d82a29e10 (13 bytes)
1769236601.368289 sending message 112 to peer 0x5f3d82a29e10 (13 bytes)
1769236601.368290 sending message 112 to peer 0x5f3d82a29e10 (13 bytes)
1769236601.368291 sending message 112 to peer 0x5f3d82a29e10 (13 bytes)
1769236601.368292 sending message 112 to peer 0x5f3d82a29e10 (13 bytes)
1769236601.368293 sending message 112 to peer 0x5f3d82a29e10 (12 bytes)
1769236601.368294 sending message 112 to peer 0x5f3d82a29e10 (12 bytes)
1769236601.368294 sending message 112 to peer 0x5f3d82a29e10 (12 bytes)
1769236601.368295 sending message 112 to peer 0x5f3d82a29e10 (12 bytes)
1769236601.368296 sending message 112 to peer 0x5f3d82a29e10 (13 bytes)
1769236601.368297 sending message 112 to peer 0x5f3d82a29e10 (8 bytes)
1769236601.368298 sending message 112 to peer 0x5f3d82a29e10 (13 bytes)
1769236601.368299 sending message 112 to peer 0x5f3d82a29e10 (13 bytes)
1769236601.368299 sending message 112 to peer 0x5f3d82a29e10 (13 bytes)
1769236601.368300 sending message 112 to peer 0x5f3d82a29e10 (13 bytes)
1769236601.368301 sending message 112 to peer 0x5f3d82a29e10 (13 bytes)
1769236601.368302 sending message 112 to peer 0x5f3d82a29e10 (13 bytes)
1769236601.368303 sending message 112 to peer 0x5f3d82a29e10 (13 bytes)
1769236601.368304 sending message 112 to peer 0x5f3d82a29e10 (12 bytes)
1769236601.368305 sending message 112 to peer 0x5f3d82a29e10 (12 bytes)
1769236601.368306 sending message 112 to peer 0x5f3d82a29e10 (12 bytes)
1769236601.368309 sending message 112 to peer 0x5f3d82a29e10 (8 bytes)
1769236601.368310 sending message 112 to peer 0x5f3d82a29e10 (12 bytes)
1769236601.368310 sending message 112 to peer 0x5f3d82a29e10 (13 bytes)
1769236601.368311 sending message 112 to peer 0x5f3d82a29e10 (13 bytes)
1769236601.368312 sending message 112 to peer 0x5f3d82a29e10 (13 bytes)
1769236601.368313 sending message 112 to peer 0x5f3d82a29e10 (13 bytes)
1769236601.368314 sending message 112 to peer 0x5f3d82a29e10 (13 bytes)
1769236601.368314 sending message 112 to peer 0x5f3d82a29e10 (13 bytes)
1769236601.368315 sending message 112 to peer 0x5f3d82a29e10 (13 bytes)
1769236601.368316 sending message 112 to peer 0x5f3d82a29e10 (13 bytes)
1769236601.368317 sending message 112 to peer 0x5f3d82a29e10 (12 bytes)
1769236601.368318 sending message 112 to peer 0x5f3d82a29e10 (10 bytes)
1769236601.368319 sending message 112 to peer 0x5f3d82a29e10 (12 bytes)
1769236601.368320 sending message 112 to peer 0x5f3d82a29e10 (12 bytes)
1769236601.368320 sending message 112 to peer 0x5f3d82a29e10 (12 bytes)
1769236601.368321 sending message 112 to peer 0x5f3d82a29e10 (13 bytes)
1769236601.368322 sending message 112 to peer 0x5f3d82a29e10 (13 bytes)
1769236601.368323 sending message 112 to peer 0x5f3d82a29e10 (13 bytes)
1769236601.368324 sending message 112 to peer 0x5f3d82a29e10 (13 bytes)
1769236601.368325 sending message 112 to peer 0x5f3d82a29e10 (13 bytes)
1769236601.368325 sending message 112 to peer 0x5f3d82a29e10 (13 bytes)
1769236601.368326 sending message 112 to peer 0x5f3d82a29e10 (13 bytes)
1769236601.368327 sending message 112 to peer 0x5f3d82a29e10 (10 bytes)
1769236601.368328 sending message 112 to peer 0x5f3d82a29e10 (13 bytes)
1769236601.368329 sending message 112 to peer 0x5f3d82a29e10 (12 bytes)
1769236601.368330 sending message 112 to peer 0x5f3d82a29e10 (12 bytes)
1769236601.368330 sending message 112 to peer 0x5f3d82a29e10 (12 bytes)
1769236601.368331 sending message 112 to peer 0x5f3d82a29e10 (10 bytes)
1769236601.368332 sending message 112 to peer 0x5f3d82a29e10 (10 bytes)
1769236601.368333 sending message 112 to peer 0x5f3d82a29e10 (10 bytes)
1769236601.368334 sending message 112 to peer 0x5f3d82a29e10 (12 bytes)
1769236601.368334 sending message 112 to peer 0x5f3d82a29e10 (13 bytes)
1769236601.368335 sending message 112 to peer 0x5f3d82a29e10 (13 bytes)
1769236601.368336 sending message 112 to peer 0x5f3d82a29e10 (13 bytes)
1769236601.368337 sending message 112 to peer 0x5f3d82a29e10 (13 bytes)
1769236601.368338 sending message 112 to peer 0x5f3d82a29e10 (13 bytes)
1769236601.368339 sending message 112 to peer 0x5f3d82a29e10 (10 bytes)
1769236601.368339 sending message 112 to peer 0x5f3d82a29e10 (11 bytes)
1769236601.368340 sending message 112 to peer 0x5f3d82a29e10 (12 bytes)
1769236601.368341 sending message 112 to peer 0x5f3d82a29e10 (12 bytes)
1769236601.368342 sending message 112 to peer 0x5f3d82a29e10 (12 bytes)
1769236601.368343 sending message 112 to peer 0x5f3d82a29e10 (12 bytes)
1769236601.368344 sending message 112 to peer 0x5f3d82a29e10 (12 bytes)
1769236601.368344 sending message 112 to peer 0x5f3d82a29e10 (11 bytes)
1769236601.368345 sending message 112 to peer 0x5f3d82a29e10 (12 bytes)
1769236601.368346 sending message 112 to peer 0x5f3d82a29e10 (12 bytes)
1769236601.368347 sending message 112 to peer 0x5f3d82a29e10 (13 bytes)
1769236601.368348 sending message 112 to peer 0x5f3d82a29e10 (13 bytes)
1769236601.368349 sending message 112 to peer 0x5f3d82a29e10 (13 bytes)
1769236601.368349 sending message 112 to peer 0x5f3d82a29e10 (13 bytes)
1769236601.368350 sending message 112 to peer 0x5f3d82a29e10 (13 bytes)
1769236601.368351 sending message 112 to peer 0x5f3d82a29e10 (10 bytes)
1769236601.368352 sending message 112 to peer 0x5f3d82a29e10 (9 bytes)
1769236601.368353 sending message 112 to peer 0x5f3d82a29e10 (12 bytes)
1769236601.368354 sending message 112 to peer 0x5f3d82a29e10 (13 bytes)
1769236601.368355 sending message 112 to peer 0x5f3d82a29e10 (13 bytes)
1769236601.368355 sending message 112 to peer 0x5f3d82a29e10 (13 bytes)
1769236601.368357 sending message 112 to peer 0x5f3d82a29e10 (13 bytes)
1769236601.368358 sending message 112 to peer 0x5f3d82a29e10 (13 bytes)
1769236601.368359 sending message 112 to peer 0x5f3d82a29e10 (9 bytes)
1769236601.368360 sending message 112 to peer 0x5f3d82a29e10 (12 bytes)
1769236601.368360 sending message 112 to peer 0x5f3d82a29e10 (13 bytes)
1769236601.368361 sending message 112 to peer 0x5f3d82a29e10 (13 bytes)
1769236601.368362 sending message 112 to peer 0x5f3d82a29e10 (13 bytes)
1769236601.368363 sending message 112 to peer 0x5f3d82a29e10 (13 bytes)
1769236601.368364 sending message 112 to peer 0x5f3d82a29e10 (13 bytes)
1769236601.368364 sending message 112 to peer 0x5f3d82a29e10 (11 bytes)
1769236601.368366 sending message 112 to peer 0x5f3d82a29e10 (12 bytes)
1769236601.368367 sending message 112 to peer 0x5f3d82a29e10 (13 bytes)
1769236601.368368 sending message 112 to peer 0x5f3d82a29e10 (13 bytes)
1769236601.368368 sending message 112 to peer 0x5f3d82a29e10 (13 bytes)
1769236601.368369 sending message 112 to peer 0x5f3d82a29e10 (13 bytes)
1769236601.368370 sending message 112 to peer 0x5f3d82a29e10 (13 bytes)
1769236601.368371 sending message 112 to peer 0x5f3d82a29e10 (11 bytes)
1769236601.368371 sending message 112 to peer 0x5f3d82a29e10 (12 bytes)
1769236601.368372 sending message 112 to peer 0x5f3d82a29e10 (12 bytes)
1769236601.368373 sending message 112 to peer 0x5f3d82a29e10 (12 bytes)
1769236601.368374 sending message 112 to peer 0x5f3d82a29e10 (12 bytes)
1769236601.368374 sending message 112 to peer 0x5f3d82a29e10 (12 bytes)
1769236601.368375 sending message 112 to peer 0x5f3d82a29e10 (21 bytes)
1769236601.368376 sending message 112 to peer 0x5f3d82a29e10 (12 bytes)
1769236601.368377 sending message 112 to peer 0x5f3d82a29e10 (9 bytes)
1769236601.368378 sending message 112 to peer 0x5f3d82a29e10 (6 bytes)
1769236601.368379 sending message 112 to peer 0x5f3d82a29e10 (13 bytes)
1769236601.368380 sending message 112 to peer 0x5f3d82a29e10 (10 bytes)
1769236601.368381 sending message 112 to peer 0x5f3d82a29e10 (24 bytes)
1769236601.368381 sending message 112 to peer 0x5f3d82a29e10 (13 bytes)
1769236601.368382 sending message 112 to peer 0x5f3d82a29e10 (9 bytes)
1769236601.368383 sending message 112 to peer 0x5f3d82a29e10 (70 bytes)
1769236601.368384 sending message 112 to peer 0x5f3d82a29e10 (69 bytes)
1769236601.368385 sending message 112 to peer 0x5f3d82a29e10 (12 bytes)
1769236601.368385 sending message 112 to peer 0x5f3d82a29e10 (10 bytes)
1769236601.368386 sending message 112 to peer 0x5f3d82a29e10 (10 bytes)
1769236601.368387 sending message 112 to peer 0x5f3d82a29e10 (24 bytes)
1769236601.368388 sending message 112 to peer 0x5f3d82a29e10 (13 bytes)
1769236601.368388 sending message 112 to peer 0x5f3d82a29e10 (10 bytes)
1769236601.368389 sending message 112 to peer 0x5f3d82a29e10 (10 bytes)
1769236601.368390 sending message 112 to peer 0x5f3d82a29e10 (10 bytes)
1769236601.368391 sending message 112 to peer 0x5f3d82a29e10 (13 bytes)
1769236601.368392 sending message 112 to peer 0x5f3d82a29e10 (15 bytes)
1769236601.368393 sending message 112 to peer 0x5f3d82a29e10 (5 bytes)
1769236601.368394 sending message 104 to peer 0x5f3d82a29e10 (0 bytes)
1769236601.368395 sending message 110 to peer 0x5f3d82a29e10 (0 bytes)
1769236601.368396 sending message 107 to peer 0x5f3d82a29e10 (4 bytes)
1769236601.368397 sending message 105 to peer 0x5f3d82a29e10 (15 bytes)
1769236601.368398 sending message 105 to peer 0x5f3d82a29e10 (20 bytes)
1769236601.368398 sending message 105 to peer 0x5f3d82a29e10 (54 bytes)
1769236601.368399 sending message 105 to peer 0x5f3d82a29e10 (51 bytes)
1769236601.368400 sending message 105 to peer 0x5f3d82a29e10 (23 bytes)
1769236601.368401 sending message 105 to peer 0x5f3d82a29e10 (11 bytes)
1769236601.368402 sending message 105 to peer 0x5f3d82a29e10 (28 bytes)
1769236601.368402 sending message 105 to peer 0x5f3d82a29e10 (18 bytes)
1769236601.368403 sending message 105 to peer 0x5f3d82a29e10 (15 bytes)
1769236601.368404 sending message 105 to peer 0x5f3d82a29e10 (20 bytes)
1769236601.368406 sending message 105 to peer 0x5f3d82a29e10 (52 bytes)
1769236601.368407 sending message 105 to peer 0x5f3d82a29e10 (84 bytes)
1769236601.368408 sending message 105 to peer 0x5f3d82a29e10 (20 bytes)
1769236601.368409 sending message 105 to peer 0x5f3d82a29e10 (28 bytes)
1769236601.368410 sending message 105 to peer 0x5f3d82a29e10 (71 bytes)
1769236601.368410 sending message 105 to peer 0x5f3d82a29e10 (16 bytes)
1769236601.368411 sending message 105 to peer 0x5f3d82a29e10 (19 bytes)
1769236601.368412 sending message 105 to peer 0x5f3d82a29e10 (28 bytes)
1769236601.368413 sending message 105 to peer 0x5f3d82a29e10 (22 bytes)
1769236601.368414 sending message 105 to peer 0x5f3d82a29e10 (21 bytes)
1769236601.368414 sending message 105 to peer 0x5f3d82a29e10 (22 bytes)
1769236601.368415 sending message 105 to peer 0x5f3d82a29e10 (28 bytes)
1769236601.368416 sending message 105 to peer 0x5f3d82a29e10 (33 bytes)
1769236601.368417 sending message 105 to peer 0x5f3d82a29e10 (31 bytes)
1769236601.368417 sending message 105 to peer 0x5f3d82a29e10 (23 bytes)
1769236601.368418 sending message 105 to peer 0x5f3d82a29e10 (17 bytes)
1769236601.368420 sending message 105 to peer 0x5f3d82a29e10 (21 bytes)
1769236601.368420 sending message 105 to peer 0x5f3d82a29e10 (23 bytes)
1769236601.368421 sending message 105 to peer 0x5f3d82a29e10 (30 bytes)
1769236601.368422 sending message 105 to peer 0x5f3d82a29e10 (27 bytes)
1769236601.368423 sending message 105 to peer 0x5f3d82a29e10 (24 bytes)
1769236601.368424 sending message 105 to peer 0x5f3d82a29e10 (20 bytes)
1769236601.368424 sending message 105 to peer 0x5f3d82a29e10 (23 bytes)
1769236601.368425 sending message 105 to peer 0x5f3d82a29e10 (21 bytes)
1769236601.368426 sending message 105 to peer 0x5f3d82a29e10 (25 bytes)
1769236601.368427 sending message 105 to peer 0x5f3d82a29e10 (20 bytes)
1769236601.368427 sending message 105 to peer 0x5f3d82a29e10 (35 bytes)
1769236601.368428 sending message 105 to peer 0x5f3d82a29e10 (13 bytes)
1769236601.368429 sending message 105 to peer 0x5f3d82a29e10 (54 bytes)
1769236601.368430 sending message 105 to peer 0x5f3d82a29e10 (66 bytes)
1769236601.368431 sending message 105 to peer 0x5f3d82a29e10 (50 bytes)
1769236601.368431 sending message 105 to peer 0x5f3d82a29e10 (17 bytes)
1769236601.368433 sending message 105 to peer 0x5f3d82a29e10 (435 bytes)
1769236601.368434 sending message 105 to peer 0x5f3d82a29e10 (13 bytes)
1769236601.368435 sending message 105 to peer 0x5f3d82a29e10 (35 bytes)
1769236601.368436 sending message 105 to peer 0x5f3d82a29e10 (19 bytes)
1769236601.368437 sending message 105 to peer 0x5f3d82a29e10 (30 bytes)
1769236601.368437 sending message 105 to peer 0x5f3d82a29e10 (19 bytes)
1769236601.368438 sending message 105 to peer 0x5f3d82a29e10 (44 bytes)
1769236601.368439 sending message 105 to peer 0x5f3d82a29e10 (177 bytes)
1769236601.368440 sending message 105 to peer 0x5f3d82a29e10 (20 bytes)
1769236601.368441 sending message 105 to peer 0x5f3d82a29e10 (78 bytes)
1769236601.368441 sending message 105 to peer 0x5f3d82a29e10 (19 bytes)
1769236601.368442 sending message 105 to peer 0x5f3d82a29e10 (50 bytes)
1769236601.368443 sending message 105 to peer 0x5f3d82a29e10 (8 bytes)
1769236601.368444 sending message 105 to peer 0x5f3d82a29e10 (22 bytes)
1769236601.368446 sending message 105 to peer 0x5f3d82a29e10 (20 bytes)
1769236601.368446 sending message 105 to peer 0x5f3d82a29e10 (19 bytes)
1769236601.368447 sending message 105 to peer 0x5f3d82a29e10 (10 bytes)
1769236601.368448 sending message 105 to peer 0x5f3d82a29e10 (19 bytes)
1769236601.368449 sending message 105 to peer 0x5f3d82a29e10 (34 bytes)
1769236601.368449 sending message 105 to peer 0x5f3d82a29e10 (16 bytes)
1769236601.368450 sending message 105 to peer 0x5f3d82a29e10 (29 bytes)
1769236601.368451 sending message 105 to peer 0x5f3d82a29e10 (76 bytes)
1769236601.368452 sending message 105 to peer 0x5f3d82a29e10 (24 bytes)
1769236601.368453 sending message 105 to peer 0x5f3d82a29e10 (244 bytes)
1769236601.368454 sending message 105 to peer 0x5f3d82a29e10 (48 bytes)
1769236601.368455 sending message 105 to peer 0x5f3d82a29e10 (31 bytes)
1769236601.368456 sending message 105 to peer 0x5f3d82a29e10 (15 bytes)
1769236601.368457 sending message 105 to peer 0x5f3d82a29e10 (52 bytes)
1769236601.368458 sending message 105 to peer 0x5f3d82a29e10 (23 bytes)
1769236601.368459 sending message 105 to peer 0x5f3d82a29e10 (27 bytes)
1769236601.368460 sending message 105 to peer 0x5f3d82a29e10 (18 bytes)
1769236601.368461 sending message 105 to peer 0x5f3d82a29e10 (58 bytes)
1769236601.368461 sending message 105 to peer 0x5f3d82a29e10 (21 bytes)
1769236601.368462 sending message 105 to peer 0x5f3d82a29e10 (11 bytes)
1769236601.368463 sending message 105 to peer 0x5f3d82a29e10 (21 bytes)
1769236601.368464 sending message 105 to peer 0x5f3d82a29e10 (18 bytes)
1769236601.368465 sending message 105 to peer 0x5f3d82a29e10 (26 bytes)
1769236601.368465 sending message 105 to peer 0x5f3d82a29e10 (11 bytes)
1769236601.368466 sending message 105 to peer 0x5f3d82a29e10 (8 bytes)
1769236601.368467 sending message 105 to peer 0x5f3d82a29e10 (32 bytes)
1769236601.368468 sending message 105 to peer 0x5f3d82a29e10 (1519 bytes)
1769236601.368477 sending message 105 to peer 0x5f3d82a29e10 (41 bytes)
1769236601.368478 sending message 105 to peer 0x5f3d82a29e10 (7 bytes)
1769236601.368479 sending message 105 to peer 0x5f3d82a29e10 (11 bytes)
1769236601.368480 sending message 105 to peer 0x5f3d82a29e10 (49 bytes)
1769236601.368481 sending message 105 to peer 0x5f3d82a29e10 (14 bytes)
1769236601.368482 sending message 105 to peer 0x5f3d82a29e10 (34 bytes)
1769236601.368482 sending message 105 to peer 0x5f3d82a29e10 (23 bytes)
1769236601.368483 sending message 105 to peer 0x5f3d82a29e10 (30 bytes)
1769236601.368484 sending message 105 to peer 0x5f3d82a29e10 (45 bytes)
1769236601.368485 sending message 105 to peer 0x5f3d82a29e10 (59 bytes)
1769236601.368486 sending message 105 to peer 0x5f3d82a29e10 (32 bytes)
1769236601.368487 sending message 105 to peer 0x5f3d82a29e10 (28 bytes)
1769236601.368488 sending message 105 to peer 0x5f3d82a29e10 (24 bytes)
1769236601.368489 sending message 105 to peer 0x5f3d82a29e10 (16 bytes)
1769236601.368489 sending message 105 to peer 0x5f3d82a29e10 (51 bytes)
1769236601.368490 sending message 105 to peer 0x5f3d82a29e10 (60 bytes)
1769236601.368491 sending message 105 to peer 0x5f3d82a29e10 (16 bytes)
1769236601.368492 sending message 106 to peer 0x5f3d82a29e10 (0 bytes)
1769236601.368494 sending message 200 to peer 0x5f3d82a29e10 (4 bytes)
1769236601.368495 client loop enter
1769236601.368508 client_signal: Child exited
1769236601.399321 peer 0x5f3d82a29e10 message 207
1769236601.399330 sending message 208 to peer 0x5f3d82a29e10 (0 bytes)
1769237689.548384 client_signal: Hangup
1769237689.548397 sending message 205 to peer 0x5f3d82a29e10 (0 bytes)
1769237689.548651 peer 0x5f3d82a29e10 message 204
1769237689.548656 client loop exit
